# JRE version: Java(TM) SE Runtime Environment (8.0_162-b12) (build 1.8.0_162-b12)
# Java VM: Java HotSpot(TM) 64-Bit Server VM (25.162-b12 mixed mode windows-amd64 compressed oops)
Heap:
 PSYoungGen      total 37376K, used 12368K [0x0000000740380000, 0x0000000743400000, 0x00000007c0000000)
  eden space 36864K, 33% used [0x0000000740380000,0x0000000740f6c158,0x0000000742780000)
  from space 512K, 31% used [0x0000000743380000,0x00000007433a8000,0x0000000743400000)
  to   space 512K, 0% used [0x0000000743300000,0x0000000743300000,0x0000000743380000)
 ParOldGen       total 262144K, used 11974K [0x0000000640a00000, 0x0000000650a00000, 0x0000000740380000)
  object space 262144K, 4% used [0x0000000640a00000,0x00000006415b1a80,0x0000000650a00000)
 Metaspace       used 15108K, capacity 15326K, committed 15744K, reserved 1062912K
  class space    used 1456K, capacity 1543K, committed 1664K, reserved 1048576K
GC Heap History (10 events):
Event: 490.304 GC heap before
{Heap before GC invocations=598 (full 0):
 PSYoungGen      total 37376K, used 36999K [0x0000000740380000, 0x0000000743400000, 0x00000007c0000000)
  eden space 36864K, 99% used [0x0000000740380000,0x0000000742769e68,0x0000000742780000)
  from space 512K, 43% used [0x0000000743300000,0x0000000743338000,0x0000000743380000)
  to   space 512K, 0% used [0x0000000743380000,0x0000000743380000,0x0000000743400000)
 ParOldGen       total 262144K, used 11910K [0x0000000640a00000, 0x0000000650a00000, 0x0000000740380000)
  object space 262144K, 4% used [0x0000000640a00000,0x00000006415a1a80,0x0000000650a00000)
 Metaspace       used 15094K, capacity 15326K, committed 15744K, reserved 1062912K
  class space    used 1453K, capacity 1543K, committed 1664K, reserved 1048576K
Event: 490.305 GC heap after
Heap after GC invocations=598 (full 0):
 PSYoungGen      total 37376K, used 128K [0x0000000740380000, 0x0000000743400000, 0x00000007c0000000)
  eden space 36864K, 0% used [0x0000000740380000,0x0000000740380000,0x0000000742780000)
  from space 512K, 25% used [0x0000000743380000,0x00000007433a0000,0x0000000743400000)
  to   space 512K, 0% used [0x0000000743300000,0x0000000743300000,0x0000000743380000)
 ParOldGen       total 262144K, used 11926K [0x0000000640a00000, 0x0000000650a00000, 0x0000000740380000)
  object space 262144K, 4% used [0x0000000640a00000,0x00000006415a5a80,0x0000000650a00000)
 Metaspace       used 15094K, capacity 15326K, committed 15744K, reserved 1062912K
  class space    used 1453K, capacity 1543K, committed 1664K, reserved 1048576K
}
Event: 491.058 GC heap before
{Heap before GC invocations=599 (full 0):
 PSYoungGen      total 37376K, used 36903K [0x0000000740380000, 0x0000000743400000, 0x00000007c0000000)
  eden space 36864K, 99% used [0x0000000740380000,0x0000000742769f58,0x0000000742780000)
  from space 512K, 25% used [0x0000000743380000,0x00000007433a0000,0x0000000743400000)
  to   space 512K, 0% used [0x0000000743300000,0x0000000743300000,0x0000000743380000)
 ParOldGen       total 262144K, used 11926K [0x0000000640a00000, 0x0000000650a00000, 0x0000000740380000)
  object space 262144K, 4% used [0x0000000640a00000,0x00000006415a5a80,0x0000000650a00000)
 Metaspace       used 15094K, capacity 15326K, committed 15744K, reserved 1062912K
  class space    used 1453K, capacity 1543K, committed 1664K, reserved 1048576K
Event: 491.059 GC heap after
Heap after GC invocations=599 (full 0):
 PSYoungGen      total 37376K, used 224K [0x0000000740380000, 0x0000000743400000, 0x00000007c0000000)
  eden space 36864K, 0% used [0x0000000740380000,0x0000000740380000,0x0000000742780000)
  from space 512K, 43% used [0x0000000743300000,0x0000000743338000,0x0000000743380000)
  to   space 512K, 0% used [0x0000000743380000,0x0000000743380000,0x0000000743400000)
 ParOldGen       total 262144K, used 11934K [0x0000000640a00000, 0x0000000650a00000, 0x0000000740380000)
  object space 262144K, 4% used [0x0000000640a00000,0x00000006415a7a80,0x0000000650a00000)
 Metaspace       used 15094K, capacity 15326K, committed 15744K, reserved 1062912K
  class space    used 1453K, capacity 1543K, committed 1664K, reserved 1048576K
}
Event: 491.804 GC heap before
{Heap before GC invocations=600 (full 0):
 PSYoungGen      total 37376K, used 36999K [0x0000000740380000, 0x0000000743400000, 0x00000007c0000000)
  eden space 36864K, 99% used [0x0000000740380000,0x0000000742769fc0,0x0000000742780000)
  from space 512K, 43% used [0x0000000743300000,0x0000000743338000,0x0000000743380000)
  to   space 512K, 0% used [0x0000000743380000,0x0000000743380000,0x0000000743400000)
 ParOldGen       total 262144K, used 11934K [0x0000000640a00000, 0x0000000650a00000, 0x0000000740380000)
  object space 262144K, 4% used [0x0000000640a00000,0x00000006415a7a80,0x0000000650a00000)
 Metaspace       used 15094K, capacity 15326K, committed 15744K, reserved 1062912K
  class space    used 1453K, capacity 1543K, committed 1664K, reserved 1048576K
Event: 491.805 GC heap after
Heap after GC invocations=600 (full 0):
 PSYoungGen      total 37376K, used 128K [0x0000000740380000, 0x0000000743400000, 0x00000007c0000000)
  eden space 36864K, 0% used [0x0000000740380000,0x0000000740380000,0x0000000742780000)
  from space 512K, 25% used [0x0000000743380000,0x00000007433a0000,0x0000000743400000)
  to   space 512K, 0% used [0x0000000743300000,0x0000000743300000,0x0000000743380000)
 ParOldGen       total 262144K, used 11950K [0x0000000640a00000, 0x0000000650a00000, 0x0000000740380000)
  object space 262144K, 4% used [0x0000000640a00000,0x00000006415aba80,0x0000000650a00000)
 Metaspace       used 15094K, capacity 15326K, committed 15744K, reserved 1062912K
  class space    used 1453K, capacity 1543K, committed 1664K, reserved 1048576K
}
Event: 492.577 GC heap before
{Heap before GC invocations=601 (full 0):
 PSYoungGen      total 37376K, used 36896K [0x0000000740380000, 0x0000000743400000, 0x00000007c0000000)
  eden space 36864K, 99% used [0x0000000740380000,0x0000000742768040,0x0000000742780000)
  from space 512K, 25% used [0x0000000743380000,0x00000007433a0000,0x0000000743400000)
  to   space 512K, 0% used [0x0000000743300000,0x0000000743300000,0x0000000743380000)
 ParOldGen       total 262144K, used 11950K [0x0000000640a00000, 0x0000000650a00000, 0x0000000740380000)
  object space 262144K, 4% used [0x0000000640a00000,0x00000006415aba80,0x0000000650a00000)
 Metaspace       used 15094K, capacity 15326K, committed 15744K, reserved 1062912K
  class space    used 1453K, capacity 1543K, committed 1664K, reserved 1048576K
Event: 492.577 GC heap after
Heap after GC invocations=601 (full 0):
 PSYoungGen      total 37376K, used 192K [0x0000000740380000, 0x0000000743400000, 0x00000007c0000000)
  eden space 36864K, 0% used [0x0000000740380000,0x0000000740380000,0x0000000742780000)
  from space 512K, 37% used [0x0000000743300000,0x0000000743330000,0x0000000743380000)
  to   space 512K, 0% used [0x0000000743380000,0x0000000743380000,0x0000000743400000)
 ParOldGen       total 262144K, used 11966K [0x0000000640a00000, 0x0000000650a00000, 0x0000000740380000)
  object space 262144K, 4% used [0x0000000640a00000,0x00000006415afa80,0x0000000650a00000)
 Metaspace       used 15094K, capacity 15326K, committed 15744K, reserved 1062912K
  class space    used 1453K, capacity 1543K, committed 1664K, reserved 1048576K
}
Event: 493.342 GC heap before
{Heap before GC invocations=602 (full 0):
 PSYoungGen      total 37376K, used 36954K [0x0000000740380000, 0x0000000743400000, 0x00000007c0000000)
  eden space 36864K, 99% used [0x0000000740380000,0x0000000742766b70,0x0000000742780000)
  from space 512K, 37% used [0x0000000743300000,0x0000000743330000,0x0000000743380000)
  to   space 512K, 0% used [0x0000000743380000,0x0000000743380000,0x0000000743400000)
 ParOldGen       total 262144K, used 11966K [0x0000000640a00000, 0x0000000650a00000, 0x0000000740380000)
  object space 262144K, 4% used [0x0000000640a00000,0x00000006415afa80,0x0000000650a00000)
 Metaspace       used 15094K, capacity 15326K, committed 15744K, reserved 1062912K
  class space    used 1453K, capacity 1543K, committed 1664K, reserved 1048576K
Event: 493.343 GC heap after
Heap after GC invocations=602 (full 0):
 PSYoungGen      total 37376K, used 160K [0x0000000740380000, 0x0000000743400000, 0x00000007c0000000)
  eden space 36864K, 0% used [0x0000000740380000,0x0000000740380000,0x0000000742780000)
  from space 512K, 31% used [0x0000000743380000,0x00000007433a8000,0x0000000743400000)
  to   space 512K, 0% used [0x0000000743300000,0x0000000743300000,0x0000000743380000)
 ParOldGen       total 262144K, used 11974K [0x0000000640a00000, 0x0000000650a00000, 0x0000000740380000)
  object space 262144K, 4% used [0x0000000640a00000,0x00000006415b1a80,0x0000000650a00000)
 Metaspace       used 15094K, capacity 15326K, committed 15744K, reserved 1062912K
  class space    used 1453K, capacity 1543K, committed 1664K, reserved 1048576K
}

